<?xml version="1.0" encoding="UTF-8"?>
<testsuites name="jest tests" tests="2" failures="0" errors="0" time="1.97">
  <testsuite name="JSONPlaceholder API Tests" errors="0" failures="0" skipped="0" timestamp="2025-03-03T11:56:41" time="1.813" tests="2">
    <testcase classname="JSONPlaceholder API Tests GET /users/1 returns correct data" name="JSONPlaceholder API Tests GET /users/1 returns correct data" time="0.291">
    </testcase>
    <testcase classname="JSONPlaceholder API Tests POST Submit a new blog post" name="JSONPlaceholder API Tests POST Submit a new blog post" time="0.424">
    </testcase>
  </testsuite>
</testsuites>